# JRE version: Java(TM) SE Runtime Environment (8.0_191-b12) (build 1.8.0_191-b12)
# Java VM: Java HotSpot(TM) Client VM (25.191-b12 mixed mode windows-x86 )
Heap:
 def new generation   total 106176K, used 17775K [0x05a00000, 0x0cd30000, 0x104a0000)
  eden space 94400K,  14% used [0x05a00000, 0x06773510, 0x0b630000)
  from space 11776K,  33% used [0x0c1b0000, 0x0c5988e8, 0x0cd30000)
  to   space 11776K,   0% used [0x0b630000, 0x0b630000, 0x0c1b0000)
 tenured generation   total 235760K, used 163256K [0x104a0000, 0x1eadc000, 0x25a00000)
   the space 235760K,  69% used [0x104a0000, 0x1a40e008, 0x1a40e200, 0x1eadc000)
 Metaspace       used 22467K, capacity 22981K, committed 23168K, reserved 23936K
GC Heap History (10 events):
Event: 6048.846 GC heap before
{Heap before GC invocations=40 (full 4):
 def new generation   total 106176K, used 94400K [0x05a00000, 0x0cd30000, 0x104a0000)
  eden space 94400K, 100% used [0x05a00000, 0x0b630000, 0x0b630000)
  from space 11776K,   0% used [0x0b630000, 0x0b630000, 0x0c1b0000)
  to   space 11776K,   0% used [0x0c1b0000, 0x0c1b0000, 0x0cd30000)
 tenured generation   total 235760K, used 141453K [0x104a0000, 0x1eadc000, 0x25a00000)
   the space 235760K,  59% used [0x104a0000, 0x18ec37f0, 0x18ec3800, 0x1eadc000)
 Metaspace       used 22467K, capacity 22981K, committed 23168K, reserved 23936K
Event: 6048.860 GC heap after
Heap after GC invocations=41 (full 4):
 def new generation   total 106176K, used 6170K [0x05a00000, 0x0cd30000, 0x104a0000)
  eden space 94400K,   0% used [0x05a00000, 0x05a00000, 0x0b630000)
  from space 11776K,  52% used [0x0c1b0000, 0x0c7b68c8, 0x0cd30000)
  to   space 11776K,   0% used [0x0b630000, 0x0b630000, 0x0c1b0000)
 tenured generation   total 235760K, used 141453K [0x104a0000, 0x1eadc000, 0x25a00000)
   the space 235760K,  59% used [0x104a0000, 0x18ec37f0, 0x18ec3800, 0x1eadc000)
 Metaspace       used 22467K, capacity 22981K, committed 23168K, reserved 23936K
}
Event: 6157.686 GC heap before
{Heap before GC invocations=41 (full 4):
 def new generation   total 106176K, used 100570K [0x05a00000, 0x0cd30000, 0x104a0000)
  eden space 94400K, 100% used [0x05a00000, 0x0b630000, 0x0b630000)
  from space 11776K,  52% used [0x0c1b0000, 0x0c7b68c8, 0x0cd30000)
  to   space 11776K,   0% used [0x0b630000, 0x0b630000, 0x0c1b0000)
 tenured generation   total 235760K, used 141453K [0x104a0000, 0x1eadc000, 0x25a00000)
   the space 235760K,  59% used [0x104a0000, 0x18ec37f0, 0x18ec3800, 0x1eadc000)
 Metaspace       used 22467K, capacity 22981K, committed 23168K, reserved 23936K
Event: 6157.706 GC heap after
Heap after GC invocations=42 (full 4):
 def new generation   total 106176K, used 6963K [0x05a00000, 0x0cd30000, 0x104a0000)
  eden space 94400K,   0% used [0x05a00000, 0x05a00000, 0x0b630000)
  from space 11776K,  59% used [0x0b630000, 0x0bcfce70, 0x0c1b0000)
  to   space 11776K,   0% used [0x0c1b0000, 0x0c1b0000, 0x0cd30000)
 tenured generation   total 235760K, used 145323K [0x104a0000, 0x1eadc000, 0x25a00000)
   the space 235760K,  61% used [0x104a0000, 0x1928ad50, 0x1928ae00, 0x1eadc000)
 Metaspace       used 22467K, capacity 22981K, committed 23168K, reserved 23936K
}
Event: 6264.989 GC heap before
{Heap before GC invocations=42 (full 4):
 def new generation   total 106176K, used 101363K [0x05a00000, 0x0cd30000, 0x104a0000)
  eden space 94400K, 100% used [0x05a00000, 0x0b630000, 0x0b630000)
  from space 11776K,  59% used [0x0b630000, 0x0bcfce70, 0x0c1b0000)
  to   space 11776K,   0% used [0x0c1b0000, 0x0c1b0000, 0x0cd30000)
 tenured generation   total 235760K, used 145323K [0x104a0000, 0x1eadc000, 0x25a00000)
   the space 235760K,  61% used [0x104a0000, 0x1928ad50, 0x1928ae00, 0x1eadc000)
 Metaspace       used 22467K, capacity 22981K, committed 23168K, reserved 23936K
Event: 6265.013 GC heap after
Heap after GC invocations=43 (full 4):
 def new generation   total 106176K, used 9832K [0x05a00000, 0x0cd30000, 0x104a0000)
  eden space 94400K,   0% used [0x05a00000, 0x05a00000, 0x0b630000)
  from space 11776K,  83% used [0x0c1b0000, 0x0cb4a248, 0x0cd30000)
  to   space 11776K,   0% used [0x0b630000, 0x0b630000, 0x0c1b0000)
 tenured generation   total 235760K, used 147887K [0x104a0000, 0x1eadc000, 0x25a00000)
   the space 235760K,  62% used [0x104a0000, 0x1950bf58, 0x1950c000, 0x1eadc000)
 Metaspace       used 22467K, capacity 22981K, committed 23168K, reserved 23936K
}
Event: 6384.142 GC heap before
{Heap before GC invocations=43 (full 4):
 def new generation   total 106176K, used 104232K [0x05a00000, 0x0cd30000, 0x104a0000)
  eden space 94400K, 100% used [0x05a00000, 0x0b630000, 0x0b630000)
  from space 11776K,  83% used [0x0c1b0000, 0x0cb4a248, 0x0cd30000)
  to   space 11776K,   0% used [0x0b630000, 0x0b630000, 0x0c1b0000)
 tenured generation   total 235760K, used 147887K [0x104a0000, 0x1eadc000, 0x25a00000)
   the space 235760K,  62% used [0x104a0000, 0x1950bf58, 0x1950c000, 0x1eadc000)
 Metaspace       used 22467K, capacity 22981K, committed 23168K, reserved 23936K
Event: 6384.168 GC heap after
Heap after GC invocations=44 (full 4):
 def new generation   total 106176K, used 11776K [0x05a00000, 0x0cd30000, 0x104a0000)
  eden space 94400K,   0% used [0x05a00000, 0x05a00000, 0x0b630000)
  from space 11776K, 100% used [0x0b630000, 0x0c1b0000, 0x0c1b0000)
  to   space 11776K,   0% used [0x0c1b0000, 0x0c1b0000, 0x0cd30000)
 tenured generation   total 235760K, used 151480K [0x104a0000, 0x1eadc000, 0x25a00000)
   the space 235760K,  64% used [0x104a0000, 0x1988e2b0, 0x1988e400, 0x1eadc000)
 Metaspace       used 22467K, capacity 22981K, committed 23168K, reserved 23936K
}
Event: 6510.262 GC heap before
{Heap before GC invocations=44 (full 4):
 def new generation   total 106176K, used 106176K [0x05a00000, 0x0cd30000, 0x104a0000)
  eden space 94400K, 100% used [0x05a00000, 0x0b630000, 0x0b630000)
  from space 11776K, 100% used [0x0b630000, 0x0c1b0000, 0x0c1b0000)
  to   space 11776K,   0% used [0x0c1b0000, 0x0c1b0000, 0x0cd30000)
 tenured generation   total 235760K, used 151480K [0x104a0000, 0x1eadc000, 0x25a00000)
   the space 235760K,  64% used [0x104a0000, 0x1988e2b0, 0x1988e400, 0x1eadc000)
 Metaspace       used 22467K, capacity 22981K, committed 23168K, reserved 23936K
Event: 6510.281 GC heap after
Heap after GC invocations=45 (full 4):
 def new generation   total 106176K, used 4002K [0x05a00000, 0x0cd30000, 0x104a0000)
  eden space 94400K,   0% used [0x05a00000, 0x05a00000, 0x0b630000)
  from space 11776K,  33% used [0x0c1b0000, 0x0c5988e8, 0x0cd30000)
  to   space 11776K,   0% used [0x0b630000, 0x0b630000, 0x0c1b0000)
 tenured generation   total 235760K, used 163256K [0x104a0000, 0x1eadc000, 0x25a00000)
   the space 235760K,  69% used [0x104a0000, 0x1a40e008, 0x1a40e200, 0x1eadc000)
 Metaspace       used 22467K, capacity 22981K, committed 23168K, reserved 23936K
}

